#
# There is insufficient memory for the Java Runtime Environment to continue.
# Native memory allocation (mmap) failed to map 716177408 bytes for committing reserved memory.
# Possible reasons:
#   The system is out of physical RAM or swap space
#   In 32 bit mode, the process size limit was hit
# Possible solutions:
#   Reduce memory load on the system
#   Increase physical memory or swap space
#   Check if swap backing store is full
#   Use 64 bit Java on a 64 bit OS
#   Decrease Java heap size (-Xmx/-Xms)
#   Decrease number of Java threads
#   Decrease Java thread stack sizes (-Xss)
#   Set larger code cache with -XX:ReservedCodeCacheSize=
# This output file may be truncated or incomplete.
#
#  Out of Memory Error (os_linux.cpp:2643), pid=10763, tid=0x00007fbfab6f1700
#
# JRE version:  (8.0_162-b12) (build )
# Java VM: OpenJDK 64-Bit Server VM (25.162-b12 mixed mode linux-amd64 compressed oops)
# Failed to write core dump. Core dumps have been disabled. To enable core dumping, try "ulimit -c unlimited" before starting Java again
#

---------------  T H R E A D  ---------------

Current thread (0x00007fbfa400a800):  JavaThread "Unknown thread" [_thread_in_vm, id=10764, stack(0x00007fbfab5f1000,0x00007fbfab6f2000)]

Stack: [0x00007fbfab5f1000,0x00007fbfab6f2000],  sp=0x00007fbfab6f0630,  free space=1021k
Native frames: (J=compiled Java code, j=interpreted, Vv=VM code, C=native code)
V  [libjvm.so+0xa6d16b]
V  [libjvm.so+0x4c698c]
V  [libjvm.so+0x8b9e18]
V  [libjvm.so+0x8b41ae]
V  [libjvm.so+0x92f596]
V  [libjvm.so+0x9200a3]
V  [libjvm.so+0x2af881]
V  [libjvm.so+0x8df5e9]
V  [libjvm.so+0xa306d9]
V  [libjvm.so+0xa30922]
V  [libjvm.so+0x610e5f]
V  [libjvm.so+0xa15cca]
V  [libjvm.so+0x68b432]  JNI_CreateJavaVM+0x62
C  [libjli.so+0x2f2e]
C  [libjli.so+0x74ad]
C  [libpthread.so.0+0x76ba]  start_thread+0xca


---------------  P R O C E S S  ---------------

Java Threads: ( => current thread )

Other Threads:

=>0x00007fbfa400a800 (exited) JavaThread "Unknown thread" [_thread_in_vm, id=10764, stack(0x00007fbfab5f1000,0x00007fbfab6f2000)]

VM state:not at safepoint (not fully initialized)

VM Mutex/Monitor currently owned by a thread: None

GC Heap History (0 events):
No events

Deoptimization events (0 events):
No events

Classes redefined (0 events):
No events

Internal exceptions (0 events):
No events

Events (0 events):
No events


Dynamic libraries:
00400000-00401000 r-xp 00000000 08:11 1201599                            /usr/lib/jvm/java-8-openjdk-amd64/jre/bin/java
00600000-00601000 r--p 00000000 08:11 1201599                            /usr/lib/jvm/java-8-openjdk-amd64/jre/bin/java
00601000-00602000 rw-p 00001000 08:11 1201599                            /usr/lib/jvm/java-8-openjdk-amd64/jre/bin/java
009b0000-009d1000 rw-p 00000000 00:00 0                                  [heap]
eab00000-100000000 rw-p 00000000 00:00 0 
7fbf9bbff000-7fbf9bd54000 ---p 00000000 00:00 0 
7fbf9bd54000-7fbf9be0a000 rw-p 00000000 00:00 0 
7fbf9be0a000-7fbf9c000000 ---p 00000000 00:00 0 
7fbf9c000000-7fbf9c270000 rwxp 00000000 00:00 0 
7fbf9c270000-7fbfa4000000 ---p 00000000 00:00 0 
7fbfa4000000-7fbfa4032000 rw-p 00000000 00:00 0 
7fbfa4032000-7fbfa8000000 ---p 00000000 00:00 0 
7fbfa806b000-7fbfa8073000 r-xp 00000000 08:11 1201559                    /usr/lib/jvm/java-8-openjdk-amd64/jre/lib/amd64/libzip.so
7fbfa8073000-7fbfa8272000 ---p 00008000 08:11 1201559                    /usr/lib/jvm/java-8-openjdk-amd64/jre/lib/amd64/libzip.so
7fbfa8272000-7fbfa8273000 r--p 00007000 08:11 1201559                    /usr/lib/jvm/java-8-openjdk-amd64/jre/lib/amd64/libzip.so
7fbfa8273000-7fbfa8274000 rw-p 00008000 08:11 1201559                    /usr/lib/jvm/java-8-openjdk-amd64/jre/lib/amd64/libzip.so
7fbfa8274000-7fbfa827f000 r-xp 00000000 08:11 1350585                    /lib/x86_64-linux-gnu/libnss_files-2.23.so
7fbfa827f000-7fbfa847e000 ---p 0000b000 08:11 1350585                    /lib/x86_64-linux-gnu/libnss_files-2.23.so
7fbfa847e000-7fbfa847f000 r--p 0000a000 08:11 1350585                    /lib/x86_64-linux-gnu/libnss_files-2.23.so
7fbfa847f000-7fbfa8480000 rw-p 0000b000 08:11 1350585                    /lib/x86_64-linux-gnu/libnss_files-2.23.so
7fbfa8480000-7fbfa8486000 rw-p 00000000 00:00 0 
7fbfa8486000-7fbfa8491000 r-xp 00000000 08:11 1350589                    /lib/x86_64-linux-gnu/libnss_nis-2.23.so
7fbfa8491000-7fbfa8690000 ---p 0000b000 08:11 1350589                    /lib/x86_64-linux-gnu/libnss_nis-2.23.so
7fbfa8690000-7fbfa8691000 r--p 0000a000 08:11 1350589                    /lib/x86_64-linux-gnu/libnss_nis-2.23.so
7fbfa8691000-7fbfa8692000 rw-p 0000b000 08:11 1350589                    /lib/x86_64-linux-gnu/libnss_nis-2.23.so
7fbfa8692000-7fbfa86a8000 r-xp 00000000 08:11 1350557                    /lib/x86_64-linux-gnu/libnsl-2.23.so
7fbfa86a8000-7fbfa88a7000 ---p 00016000 08:11 1350557                    /lib/x86_64-linux-gnu/libnsl-2.23.so
7fbfa88a7000-7fbfa88a8000 r--p 00015000 08:11 1350557                    /lib/x86_64-linux-gnu/libnsl-2.23.so
7fbfa88a8000-7fbfa88a9000 rw-p 00016000 08:11 1350557                    /lib/x86_64-linux-gnu/libnsl-2.23.so
7fbfa88a9000-7fbfa88ab000 rw-p 00000000 00:00 0 
7fbfa88ab000-7fbfa88b3000 r-xp 00000000 08:11 1350580                    /lib/x86_64-linux-gnu/libnss_compat-2.23.so
7fbfa88b3000-7fbfa8ab2000 ---p 00008000 08:11 1350580                    /lib/x86_64-linux-gnu/libnss_compat-2.23.so
7fbfa8ab2000-7fbfa8ab3000 r--p 00007000 08:11 1350580                    /lib/x86_64-linux-gnu/libnss_compat-2.23.so
7fbfa8ab3000-7fbfa8ab4000 rw-p 00008000 08:11 1350580                    /lib/x86_64-linux-gnu/libnss_compat-2.23.so
7fbfa8ab4000-7fbfa8ae1000 r-xp 00000000 08:11 1201562                    /usr/lib/jvm/java-8-openjdk-amd64/jre/lib/amd64/libjava.so
7fbfa8ae1000-7fbfa8ce0000 ---p 0002d000 08:11 1201562                    /usr/lib/jvm/java-8-openjdk-amd64/jre/lib/amd64/libjava.so
7fbfa8ce0000-7fbfa8ce1000 r--p 0002c000 08:11 1201562                    /usr/lib/jvm/java-8-openjdk-amd64/jre/lib/amd64/libjava.so
7fbfa8ce1000-7fbfa8ce3000 rw-p 0002d000 08:11 1201562                    /usr/lib/jvm/java-8-openjdk-amd64/jre/lib/amd64/libjava.so
7fbfa8ce3000-7fbfa8cf2000 r-xp 00000000 08:11 1201572                    /usr/lib/jvm/java-8-openjdk-amd64/jre/lib/amd64/libverify.so
7fbfa8cf2000-7fbfa8ef1000 ---p 0000f000 08:11 1201572                    /usr/lib/jvm/java-8-openjdk-amd64/jre/lib/amd64/libverify.so
7fbfa8ef1000-7fbfa8ef3000 r--p 0000e000 08:11 1201572                    /usr/lib/jvm/java-8-openjdk-amd64/jre/lib/amd64/libverify.so
7fbfa8ef3000-7fbfa8ef4000 rw-p 00010000 08:11 1201572                    /usr/lib/jvm/java-8-openjdk-amd64/jre/lib/amd64/libverify.so
7fbfa8ef4000-7fbfa8efb000 r-xp 00000000 08:11 1350590                    /lib/x86_64-linux-gnu/librt-2.23.so
7fbfa8efb000-7fbfa90fa000 ---p 00007000 08:11 1350590                    /lib/x86_64-linux-gnu/librt-2.23.so
7fbfa90fa000-7fbfa90fb000 r--p 00006000 08:11 1350590                    /lib/x86_64-linux-gnu/librt-2.23.so
7fbfa90fb000-7fbfa90fc000 rw-p 00007000 08:11 1350590                    /lib/x86_64-linux-gnu/librt-2.23.so
7fbfa90fc000-7fbfa9112000 r-xp 00000000 08:11 1316121                    /lib/x86_64-linux-gnu/libgcc_s.so.1
7fbfa9112000-7fbfa9311000 ---p 00016000 08:11 1316121                    /lib/x86_64-linux-gnu/libgcc_s.so.1
7fbfa9311000-7fbfa9312000 rw-p 00015000 08:11 1316121                    /lib/x86_64-linux-gnu/libgcc_s.so.1
7fbfa9312000-7fbfa941a000 r-xp 00000000 08:11 1311639                    /lib/x86_64-linux-gnu/libm-2.23.so
7fbfa941a000-7fbfa9619000 ---p 00108000 08:11 1311639                    /lib/x86_64-linux-gnu/libm-2.23.so
7fbfa9619000-7fbfa961a000 r--p 00107000 08:11 1311639                    /lib/x86_64-linux-gnu/libm-2.23.so
7fbfa961a000-7fbfa961b000 rw-p 00108000 08:11 1311639                    /lib/x86_64-linux-gnu/libm-2.23.so
7fbfa961b000-7fbfa978d000 r-xp 00000000 08:11 1179986                    /usr/lib/x86_64-linux-gnu/libstdc++.so.6.0.21
7fbfa978d000-7fbfa998d000 ---p 00172000 08:11 1179986                    /usr/lib/x86_64-linux-gnu/libstdc++.so.6.0.21
7fbfa998d000-7fbfa9997000 r--p 00172000 08:11 1179986                    /usr/lib/x86_64-linux-gnu/libstdc++.so.6.0.21
7fbfa9997000-7fbfa9999000 rw-p 0017c000 08:11 1179986                    /usr/lib/x86_64-linux-gnu/libstdc++.so.6.0.21
7fbfa9999000-7fbfa999d000 rw-p 00000000 00:00 0 
7fbfa999d000-7fbfaa5f5000 r-xp 00000000 08:11 1183513                    /usr/lib/jvm/java-8-openjdk-amd64/jre/lib/amd64/server/libjvm.so
7fbfaa5f5000-7fbfaa7f5000 ---p 00c58000 08:11 1183513                    /usr/lib/jvm/java-8-openjdk-amd64/jre/lib/amd64/server/libjvm.so
7fbfaa7f5000-7fbfaa888000 r--p 00c58000 08:11 1183513                    /usr/lib/jvm/java-8-openjdk-amd64/jre/lib/amd64/server/libjvm.so
7fbfaa888000-7fbfaa8b1000 rw-p 00ceb000 08:11 1183513                    /usr/lib/jvm/java-8-openjdk-amd64/jre/lib/amd64/server/libjvm.so
7fbfaa8b1000-7fbfaa8e1000 rw-p 00000000 00:00 0 
7fbfaa8e1000-7fbfaa8f9000 r-xp 00000000 08:11 1350559                    /lib/x86_64-linux-gnu/libpthread-2.23.so
7fbfaa8f9000-7fbfaaaf8000 ---p 00018000 08:11 1350559                    /lib/x86_64-linux-gnu/libpthread-2.23.so
7fbfaaaf8000-7fbfaaaf9000 r--p 00017000 08:11 1350559                    /lib/x86_64-linux-gnu/libpthread-2.23.so
7fbfaaaf9000-7fbfaaafa000 rw-p 00018000 08:11 1350559                    /lib/x86_64-linux-gnu/libpthread-2.23.so
7fbfaaafa000-7fbfaaafe000 rw-p 00000000 00:00 0 
7fbfaaafe000-7fbfaab01000 r-xp 00000000 08:11 1350574                    /lib/x86_64-linux-gnu/libdl-2.23.so
7fbfaab01000-7fbfaad00000 ---p 00003000 08:11 1350574                    /lib/x86_64-linux-gnu/libdl-2.23.so
7fbfaad00000-7fbfaad01000 r--p 00002000 08:11 1350574                    /lib/x86_64-linux-gnu/libdl-2.23.so
7fbfaad01000-7fbfaad02000 rw-p 00003000 08:11 1350574                    /lib/x86_64-linux-gnu/libdl-2.23.so
7fbfaad02000-7fbfaad1b000 r-xp 00000000 08:11 1316816                    /lib/x86_64-linux-gnu/libz.so.1.2.8
7fbfaad1b000-7fbfaaf1a000 ---p 00019000 08:11 1316816                    /lib/x86_64-linux-gnu/libz.so.1.2.8
7fbfaaf1a000-7fbfaaf1b000 r--p 00018000 08:11 1316816                    /lib/x86_64-linux-gnu/libz.so.1.2.8
7fbfaaf1b000-7fbfaaf1c000 rw-p 00019000 08:11 1316816                    /lib/x86_64-linux-gnu/libz.so.1.2.8
7fbfaaf1c000-7fbfab0dc000 r-xp 00000000 08:11 1350567                    /lib/x86_64-linux-gnu/libc-2.23.so
7fbfab0dc000-7fbfab2dc000 ---p 001c0000 08:11 1350567                    /lib/x86_64-linux-gnu/libc-2.23.so
7fbfab2dc000-7fbfab2e0000 r--p 001c0000 08:11 1350567                    /lib/x86_64-linux-gnu/libc-2.23.so
7fbfab2e0000-7fbfab2e2000 rw-p 001c4000 08:11 1350567                    /lib/x86_64-linux-gnu/libc-2.23.so
7fbfab2e2000-7fbfab2e6000 rw-p 00000000 00:00 0 
7fbfab2e6000-7fbfab2f3000 r-xp 00000000 08:11 1201568                    /usr/lib/jvm/java-8-openjdk-amd64/jre/lib/amd64/jli/libjli.so
7fbfab2f3000-7fbfab4f3000 ---p 0000d000 08:11 1201568                    /usr/lib/jvm/java-8-openjdk-amd64/jre/lib/amd64/jli/libjli.so
7fbfab4f3000-7fbfab4f4000 r--p 0000d000 08:11 1201568                    /usr/lib/jvm/java-8-openjdk-amd64/jre/lib/amd64/jli/libjli.so
7fbfab4f4000-7fbfab4f5000 rw-p 0000e000 08:11 1201568                    /usr/lib/jvm/java-8-openjdk-amd64/jre/lib/amd64/jli/libjli.so
7fbfab4f5000-7fbfab51b000 r-xp 00000000 08:11 1350558                    /lib/x86_64-linux-gnu/ld-2.23.so
7fbfab5f1000-7fbfab5f4000 ---p 00000000 00:00 0 
7fbfab5f4000-7fbfab6f6000 rw-p 00000000 00:00 0 
7fbfab70f000-7fbfab717000 rw-s 00000000 08:11 396592                     /tmp/hsperfdata_slawek/10763
7fbfab717000-7fbfab718000 rw-p 00000000 00:00 0 
7fbfab718000-7fbfab719000 r--p 00000000 00:00 0 
7fbfab719000-7fbfab71a000 rw-p 00000000 00:00 0 
7fbfab71a000-7fbfab71b000 r--p 00025000 08:11 1350558                    /lib/x86_64-linux-gnu/ld-2.23.so
7fbfab71b000-7fbfab71c000 rw-p 00026000 08:11 1350558                    /lib/x86_64-linux-gnu/ld-2.23.so
7fbfab71c000-7fbfab71d000 rw-p 00000000 00:00 0 
7ffcf59ca000-7ffcf59ec000 rw-p 00000000 00:00 0                          [stack]
7ffcf59f3000-7ffcf59f6000 r--p 00000000 00:00 0                          [vvar]
7ffcf59f6000-7ffcf59f8000 r-xp 00000000 00:00 0                          [vdso]
ffffffffff600000-ffffffffff601000 r-xp 00000000 00:00 0                  [vsyscall]

VM Arguments:
jvm_args: -Xms1024m -Xmx1024m -XX:ReservedCodeCacheSize=128m -XX:MaxMetaspaceSize=256m 
java_command: /usr/share/sbt-launcher-packaging/bin/sbt-launch.jar test
java_class_path (initial): /usr/share/sbt-launcher-packaging/bin/sbt-launch.jar
Launcher Type: SUN_STANDARD

Environment Variables:
PATH=/home/slawek/.nvm/versions/node/v8.9.4/bin:/usr/local/sbin:/usr/local/bin:/usr/sbin:/usr/bin:/sbin:/bin:/usr/games:/usr/local/games:/snap/bin:/media/windows/activator-1.3.12-minimal/bin:/media/windows/Users/sławek/Documents/polimat/neo4j-community-3.2.0/bin
SHELL=/bin/bash
DISPLAY=:0

Signal Handlers:
SIGSEGV: [libjvm.so+0xa6dcc0], sa_mask[0]=11111111011111111101111111111110, sa_flags=SA_RESTART|SA_SIGINFO
SIGBUS: [libjvm.so+0xa6dcc0], sa_mask[0]=11111111011111111101111111111110, sa_flags=SA_RESTART|SA_SIGINFO
SIGFPE: [libjvm.so+0x8b5350], sa_mask[0]=11111111011111111101111111111110, sa_flags=SA_RESTART|SA_SIGINFO
SIGPIPE: [libjvm.so+0x8b5350], sa_mask[0]=11111111011111111101111111111110, sa_flags=SA_RESTART|SA_SIGINFO
SIGXFSZ: [libjvm.so+0x8b5350], sa_mask[0]=11111111011111111101111111111110, sa_flags=SA_RESTART|SA_SIGINFO
SIGILL: [libjvm.so+0x8b5350], sa_mask[0]=11111111011111111101111111111110, sa_flags=SA_RESTART|SA_SIGINFO
SIGUSR1: SIG_DFL, sa_mask[0]=00000000000000000000000000000000, sa_flags=none
SIGUSR2: [libjvm.so+0x8b5200], sa_mask[0]=00000000000000000000000000000000, sa_flags=SA_RESTART|SA_SIGINFO
SIGHUP: SIG_DFL, sa_mask[0]=00000000000000000000000000000000, sa_flags=none
SIGINT: SIG_DFL, sa_mask[0]=00000000000000000000000000000000, sa_flags=none
SIGTERM: SIG_DFL, sa_mask[0]=00000000000000000000000000000000, sa_flags=none
SIGQUIT: SIG_DFL, sa_mask[0]=00000000000000000000000000000000, sa_flags=none


---------------  S Y S T E M  ---------------

OS:DISTRIB_ID=Ubuntu
DISTRIB_RELEASE=16.04
DISTRIB_CODENAME=xenial
DISTRIB_DESCRIPTION="Ubuntu 16.04.1 LTS"

uname:Linux 4.4.0-121-generic #145-Ubuntu SMP Fri Apr 13 13:47:23 UTC 2018 x86_64
libc:glibc 2.23 NPTL 2.23 
rlimit: STACK 8192k, CORE 0k, NPROC 15104, NOFILE 1048576, AS infinity
load average:1.59 1.09 1.25

/proc/meminfo:
MemTotal:        3935332 kB
MemFree:          172352 kB
MemAvailable:     525044 kB
Buffers:          199864 kB
Cached:           656300 kB
SwapCached:            0 kB
Active:          2869904 kB
Inactive:         530840 kB
Active(anon):    2578644 kB
Inactive(anon):   300556 kB
Active(file):     291260 kB
Inactive(file):   230284 kB
Unevictable:         144 kB
Mlocked:             144 kB
SwapTotal:             0 kB
SwapFree:              0 kB
Dirty:             15212 kB
Writeback:             0 kB
AnonPages:       2545312 kB
Mapped:           392700 kB
Shmem:            333888 kB
Slab:             222332 kB
SReclaimable:      71836 kB
SUnreclaim:       150496 kB
KernelStack:       12080 kB
PageTables:        60752 kB
NFS_Unstable:          0 kB
Bounce:                0 kB
WritebackTmp:          0 kB
CommitLimit:     1967664 kB
Committed_AS:    8894284 kB
VmallocTotal:   34359738367 kB
VmallocUsed:           0 kB
VmallocChunk:          0 kB
HardwareCorrupted:     0 kB
AnonHugePages:     14336 kB
CmaTotal:              0 kB
CmaFree:               0 kB
HugePages_Total:       0
HugePages_Free:        0
HugePages_Rsvd:        0
HugePages_Surp:        0
Hugepagesize:       2048 kB
DirectMap4k:      356156 kB
DirectMap2M:     3727360 kB


CPU:total 4 (initial active 4) (2 cores per cpu, 2 threads per core) family 6 model 58 stepping 9, cmov, cx8, fxsr, mmx, sse, sse2, sse3, ssse3, sse4.1, sse4.2, popcnt, avx, clmul, erms, ht, tsc, tscinvbit, tscinv

/proc/cpuinfo:
processor	: 0
vendor_id	: GenuineIntel
cpu family	: 6
model		: 58
model name	: Intel(R) Core(TM) i3-3110M CPU @ 2.40GHz
stepping	: 9
microcode	: 0x15
cpu MHz		: 2399.812
cache size	: 3072 KB
physical id	: 0
siblings	: 4
core id		: 0
cpu cores	: 2
apicid		: 0
initial apicid	: 0
fpu		: yes
fpu_exception	: yes
cpuid level	: 13
wp		: yes
flags		: fpu vme de pse tsc msr pae mce cx8 apic sep mtrr pge mca cmov pat pse36 clflush dts acpi mmx fxsr sse sse2 ss ht tm pbe syscall nx rdtscp lm constant_tsc arch_perfmon pebs bts rep_good nopl xtopology nonstop_tsc aperfmperf eagerfpu pni pclmulqdq dtes64 monitor ds_cpl vmx est tm2 ssse3 cx16 xtpr pdcm pcid sse4_1 sse4_2 x2apic popcnt tsc_deadline_timer xsave avx f16c lahf_lm epb retpoline kaiser tpr_shadow vnmi flexpriority ept vpid fsgsbase smep erms xsaveopt dtherm arat pln pts
bugs		: cpu_meltdown spectre_v1 spectre_v2
bogomips	: 4788.82
clflush size	: 64
cache_alignment	: 64
address sizes	: 36 bits physical, 48 bits virtual
power management:

processor	: 1
vendor_id	: GenuineIntel
cpu family	: 6
model		: 58
model name	: Intel(R) Core(TM) i3-3110M CPU @ 2.40GHz
stepping	: 9
microcode	: 0x15
cpu MHz		: 2399.906
cache size	: 3072 KB
physical id	: 0
siblings	: 4
core id		: 1
cpu cores	: 2
apicid		: 2
initial apicid	: 2
fpu		: yes
fpu_exception	: yes
cpuid level	: 13
wp		: yes
flags		: fpu vme de pse tsc msr pae mce cx8 apic sep mtrr pge mca cmov pat pse36 clflush dts acpi mmx fxsr sse sse2 ss ht tm pbe syscall nx rdtscp lm constant_tsc arch_perfmon pebs bts rep_good nopl xtopology nonstop_tsc aperfmperf eagerfpu pni pclmulqdq dtes64 monitor ds_cpl vmx est tm2 ssse3 cx16 xtpr pdcm pcid sse4_1 sse4_2 x2apic popcnt tsc_deadline_timer xsave avx f16c lahf_lm epb retpoline kaiser tpr_shadow vnmi flexpriority ept vpid fsgsbase smep erms xsaveopt dtherm arat pln pts
bugs		: cpu_meltdown spectre_v1 spectre_v2
bogomips	: 4788.82
clflush size	: 64
cache_alignment	: 64
address sizes	: 36 bits physical, 48 bits virtual
power management:

processor	: 2
vendor_id	: GenuineIntel
cpu family	: 6
model		: 58
model name	: Intel(R) Core(TM) i3-3110M CPU @ 2.40GHz
stepping	: 9
microcode	: 0x15
cpu MHz		: 2400.000
cache size	: 3072 KB
physical id	: 0
siblings	: 4
core id		: 0
cpu cores	: 2
apicid		: 1
initial apicid	: 1
fpu		: yes
fpu_exception	: yes
cpuid level	: 13
wp		: yes
flags		: fpu vme de pse tsc msr pae mce cx8 apic sep mtrr pge mca cmov pat pse36 clflush dts acpi mmx fxsr sse sse2 ss ht tm pbe syscall nx rdtscp lm constant_tsc arch_perfmon pebs bts rep_good nopl xtopology nonstop_tsc aperfmperf eagerfpu pni pclmulqdq dtes64 monitor ds_cpl vmx est tm2 ssse3 cx16 xtpr pdcm pcid sse4_1 sse4_2 x2apic popcnt tsc_deadline_timer xsave avx f16c lahf_lm epb retpoline kaiser tpr_shadow vnmi flexpriority ept vpid fsgsbase smep erms xsaveopt dtherm arat pln pts
bugs		: cpu_meltdown spectre_v1 spectre_v2
bogomips	: 4788.82
clflush size	: 64
cache_alignment	: 64
address sizes	: 36 bits physical, 48 bits virtual
power management:

processor	: 3
vendor_id	: GenuineIntel
cpu family	: 6
model		: 58
model name	: Intel(R) Core(TM) i3-3110M CPU @ 2.40GHz
stepping	: 9
microcode	: 0x15
cpu MHz		: 2399.906
cache size	: 3072 KB
physical id	: 0
siblings	: 4
core id		: 1
cpu cores	: 2
apicid		: 3
initial apicid	: 3
fpu		: yes
fpu_exception	: yes
cpuid level	: 13
wp		: yes
flags		: fpu vme de pse tsc msr pae mce cx8 apic sep mtrr pge mca cmov pat pse36 clflush dts acpi mmx fxsr sse sse2 ss ht tm pbe syscall nx rdtscp lm constant_tsc arch_perfmon pebs bts rep_good nopl xtopology nonstop_tsc aperfmperf eagerfpu pni pclmulqdq dtes64 monitor ds_cpl vmx est tm2 ssse3 cx16 xtpr pdcm pcid sse4_1 sse4_2 x2apic popcnt tsc_deadline_timer xsave avx f16c lahf_lm epb retpoline kaiser tpr_shadow vnmi flexpriority ept vpid fsgsbase smep erms xsaveopt dtherm arat pln pts
bugs		: cpu_meltdown spectre_v1 spectre_v2
bogomips	: 4788.82
clflush size	: 64
cache_alignment	: 64
address sizes	: 36 bits physical, 48 bits virtual
power management:



Memory: 4k page, physical 3935332k(171032k free), swap 0k(0k free)

vm_info: OpenJDK 64-Bit Server VM (25.162-b12) for linux-amd64 JRE (1.8.0_162-8u162-b12-0ubuntu0.16.04.2-b12), built on Mar 14 2018 12:11:18 by "buildd" with gcc 5.4.0 20160609

time: Tue May  8 12:54:18 2018
elapsed time: 0 seconds (0d 0h 0m 0s)

